<?xml version="1.0" encoding="UTF-8"?>
<!-- Generated by org.testng.reporters.JUnitReportReporter -->
<testsuite hostname="PRAVEEN" failures="0" tests="1" name="testCases.OrangeHRM_workflow_from_login_to_logout" time="25.854" errors="0" timestamp="2024-10-08T00:33:39 IST" skipped="0">
  <testcase classname="testCases.OrangeHRM_workflow_from_login_to_logout" name="workflow" time="25.854"/>
  <system-out/>
</testsuite> <!-- testCases.OrangeHRM_workflow_from_login_to_logout -->
